0 silly argv { _: [ 'version' ],
0 silly argv   lernaVersion: '3.17.0',
0 silly argv   '$0': '/usr/local/bin/lerna',
0 silly argv   bump: 'minor' }
1 notice cli v3.17.0
2 verbose rootPath /Users/rogierderuijter/Documents/Projects/Sandbox/montepouli
3 info current version 2.2.0
4 silly isAnythingCommitted
5 verbose isAnythingCommitted 1
6 silly currentBranch
7 verbose currentBranch feature/allign-add-button-middle-on-mobile
8 silly remoteBranchExists
9 silly isBehindUpstream
10 silly isBehindUpstream feature/allign-add-button-middle-on-mobile is behind origin/feature/allign-add-button-middle-on-mobile by 0 commit(s) and ahead by 0
11 silly hasTags
12 verbose hasTags true
13 silly git-describe.sync "v2.2.0-11-g0a2aac5" => {"lastTagName":"v2.2.0","lastVersion":"v2.2.0","refCount":"11","sha":"0a2aac5","isDirty":false}
14 info Looking for changed packages since v2.2.0
15 silly checking diff .circleci
16 silly no diff found in circlci-config
17 silly checking diff client
18 silly found diff in client/angular.json
18 silly found diff in client/ngsw-config.json
18 silly found diff in client/package.json
18 silly found diff in client/src/app/app-routing.module.ts
18 silly found diff in client/src/app/app.module.ts
18 silly found diff in client/src/app/components/landing/landing.component.ts
18 silly found diff in client/src/app/components/login/login.component.ts
18 silly found diff in client/src/app/components/main-content/footer/footer.component.html
18 silly found diff in client/src/app/components/main-content/footer/footer.component.scss
18 silly found diff in client/src/app/components/main-content/footer/footer.component.spec.ts
18 silly found diff in client/src/app/components/main-content/footer/footer.component.ts
18 silly found diff in client/src/app/components/main-content/main-content.component.html
18 silly found diff in client/src/app/components/main-content/main-content.component.scss
18 silly found diff in client/src/app/components/main-content/main-content.component.ts
18 silly found diff in client/src/app/components/main-content/title-bar/title-bar.component.html
18 silly found diff in client/src/app/components/main-content/title-bar/title-bar.component.scss
18 silly found diff in client/src/app/components/main-content/title-bar/title-bar.component.ts
18 silly found diff in client/src/app/modules/game/components/game/overview/overview.component.html
18 silly found diff in client/src/app/modules/game/components/game/overview/overview.component.ts
18 silly found diff in client/src/app/modules/shared/directives/grid-column.directive.ts
18 silly found diff in client/src/app/modules/shared/directives/grid-position.directive.ts
18 silly found diff in client/src/app/modules/shared/directives/grid-row.directive.ts
18 silly found diff in client/src/app/modules/shared/directives/position.directive.ts
18 silly found diff in client/src/app/modules/shared/guards/auth-guard.service.ts
18 silly found diff in client/src/app/modules/shared/interceptors/http-error.interceptor.ts
18 silly found diff in client/src/app/modules/shared/interceptors/invalid-token.interceptor.ts
18 silly found diff in client/src/app/modules/shared/services/grid/grid.service.spec.ts
18 silly found diff in client/src/app/modules/shared/services/grid/grid.service.ts
18 silly found diff in client/src/app/modules/shared/services/loading/loading.service.ts
18 silly found diff in client/src/app/modules/shared/services/notification/notification.service.ts
18 silly found diff in client/src/app/modules/shared/shared.module.ts
18 silly found diff in client/src/app/modules/shared/static-files/enums.ts
18 silly found diff in client/src/app/services/auth/auth.service.ts
18 silly found diff in client/src/assets/i18n/en.json
18 silly found diff in client/src/assets/icons/android-icon-192x192.png
18 silly found diff in client/src/assets/icons/android-icon-384x384.png
18 silly found diff in client/src/assets/icons/android-icon-512x512.png
18 silly found diff in client/src/assets/icons/apple-icon-114x114.png
18 silly found diff in client/src/assets/icons/apple-icon-120.png
18 silly found diff in client/src/assets/icons/apple-icon-120x120.png
18 silly found diff in client/src/assets/icons/apple-icon-144x144.png
18 silly found diff in client/src/assets/icons/apple-icon-152.png
18 silly found diff in client/src/assets/icons/apple-icon-152x152.png
18 silly found diff in client/src/assets/icons/apple-icon-167.png
18 silly found diff in client/src/assets/icons/apple-icon-180.png
18 silly found diff in client/src/assets/icons/apple-icon-180x180.png
18 silly found diff in client/src/assets/icons/apple-icon-57x57.png
18 silly found diff in client/src/assets/icons/apple-icon-60x60.png
18 silly found diff in client/src/assets/icons/apple-icon-72x72.png
18 silly found diff in client/src/assets/icons/apple-icon-76x76.png
18 silly found diff in client/src/assets/icons/apple-icon-precomposed.png
18 silly found diff in client/src/assets/icons/apple-icon.png
18 silly found diff in client/src/assets/icons/apple-splash-1125-2436.png
18 silly found diff in client/src/assets/icons/apple-splash-1136-640.png
18 silly found diff in client/src/assets/icons/apple-splash-1242-2208.png
18 silly found diff in client/src/assets/icons/apple-splash-1242-2688.png
18 silly found diff in client/src/assets/icons/apple-splash-1334-750.png
18 silly found diff in client/src/assets/icons/apple-splash-1536-2048.png
18 silly found diff in client/src/assets/icons/apple-splash-1668-2224.png
18 silly found diff in client/src/assets/icons/apple-splash-1668-2388.png
18 silly found diff in client/src/assets/icons/apple-splash-1792-828.png
18 silly found diff in client/src/assets/icons/apple-splash-2048-1536.png
18 silly found diff in client/src/assets/icons/apple-splash-2048-2732.png
18 silly found diff in client/src/assets/icons/apple-splash-2208-1242.png
18 silly found diff in client/src/assets/icons/apple-splash-2224-1668.png
18 silly found diff in client/src/assets/icons/apple-splash-2388-1668.png
18 silly found diff in client/src/assets/icons/apple-splash-2436-1125.png
18 silly found diff in client/src/assets/icons/apple-splash-2688-1242.png
18 silly found diff in client/src/assets/icons/apple-splash-2732-2048.png
18 silly found diff in client/src/assets/icons/apple-splash-640-1136.png
18 silly found diff in client/src/assets/icons/apple-splash-750-1334.png
18 silly found diff in client/src/assets/icons/apple-splash-828-1792.png
18 silly found diff in client/src/assets/icons/manifest-icon-192.png
18 silly found diff in client/src/assets/icons/manifest-icon-512.png
18 silly found diff in client/src/environments/environment.e2e.ts
18 silly found diff in client/src/environments/environment.prod.ts
18 silly found diff in client/src/environments/environment.ts
18 silly found diff in client/src/index.html
18 silly found diff in client/src/manifest.webmanifest
18 silly found diff in client/src/stories/helpers/factories/game-overview.story-factory.ts
18 silly found diff in client/yarn.lock
19 verbose filtered diff [ 'client/angular.json',
19 verbose filtered diff   'client/ngsw-config.json',
19 verbose filtered diff   'client/package.json',
19 verbose filtered diff   'client/src/app/app-routing.module.ts',
19 verbose filtered diff   'client/src/app/app.module.ts',
19 verbose filtered diff   'client/src/app/components/landing/landing.component.ts',
19 verbose filtered diff   'client/src/app/components/login/login.component.ts',
19 verbose filtered diff   'client/src/app/components/main-content/footer/footer.component.html',
19 verbose filtered diff   'client/src/app/components/main-content/footer/footer.component.scss',
19 verbose filtered diff   'client/src/app/components/main-content/footer/footer.component.spec.ts',
19 verbose filtered diff   'client/src/app/components/main-content/footer/footer.component.ts',
19 verbose filtered diff   'client/src/app/components/main-content/main-content.component.html',
19 verbose filtered diff   'client/src/app/components/main-content/main-content.component.scss',
19 verbose filtered diff   'client/src/app/components/main-content/main-content.component.ts',
19 verbose filtered diff   'client/src/app/components/main-content/title-bar/title-bar.component.html',
19 verbose filtered diff   'client/src/app/components/main-content/title-bar/title-bar.component.scss',
19 verbose filtered diff   'client/src/app/components/main-content/title-bar/title-bar.component.ts',
19 verbose filtered diff   'client/src/app/modules/game/components/game/overview/overview.component.html',
19 verbose filtered diff   'client/src/app/modules/game/components/game/overview/overview.component.ts',
19 verbose filtered diff   'client/src/app/modules/shared/directives/grid-column.directive.ts',
19 verbose filtered diff   'client/src/app/modules/shared/directives/grid-position.directive.ts',
19 verbose filtered diff   'client/src/app/modules/shared/directives/grid-row.directive.ts',
19 verbose filtered diff   'client/src/app/modules/shared/directives/position.directive.ts',
19 verbose filtered diff   'client/src/app/modules/shared/guards/auth-guard.service.ts',
19 verbose filtered diff   'client/src/app/modules/shared/interceptors/http-error.interceptor.ts',
19 verbose filtered diff   'client/src/app/modules/shared/interceptors/invalid-token.interceptor.ts',
19 verbose filtered diff   'client/src/app/modules/shared/services/grid/grid.service.spec.ts',
19 verbose filtered diff   'client/src/app/modules/shared/services/grid/grid.service.ts',
19 verbose filtered diff   'client/src/app/modules/shared/services/loading/loading.service.ts',
19 verbose filtered diff   'client/src/app/modules/shared/services/notification/notification.service.ts',
19 verbose filtered diff   'client/src/app/modules/shared/shared.module.ts',
19 verbose filtered diff   'client/src/app/modules/shared/static-files/enums.ts',
19 verbose filtered diff   'client/src/app/services/auth/auth.service.ts',
19 verbose filtered diff   'client/src/assets/i18n/en.json',
19 verbose filtered diff   'client/src/assets/icons/android-icon-192x192.png',
19 verbose filtered diff   'client/src/assets/icons/android-icon-384x384.png',
19 verbose filtered diff   'client/src/assets/icons/android-icon-512x512.png',
19 verbose filtered diff   'client/src/assets/icons/apple-icon-114x114.png',
19 verbose filtered diff   'client/src/assets/icons/apple-icon-120.png',
19 verbose filtered diff   'client/src/assets/icons/apple-icon-120x120.png',
19 verbose filtered diff   'client/src/assets/icons/apple-icon-144x144.png',
19 verbose filtered diff   'client/src/assets/icons/apple-icon-152.png',
19 verbose filtered diff   'client/src/assets/icons/apple-icon-152x152.png',
19 verbose filtered diff   'client/src/assets/icons/apple-icon-167.png',
19 verbose filtered diff   'client/src/assets/icons/apple-icon-180.png',
19 verbose filtered diff   'client/src/assets/icons/apple-icon-180x180.png',
19 verbose filtered diff   'client/src/assets/icons/apple-icon-57x57.png',
19 verbose filtered diff   'client/src/assets/icons/apple-icon-60x60.png',
19 verbose filtered diff   'client/src/assets/icons/apple-icon-72x72.png',
19 verbose filtered diff   'client/src/assets/icons/apple-icon-76x76.png',
19 verbose filtered diff   'client/src/assets/icons/apple-icon-precomposed.png',
19 verbose filtered diff   'client/src/assets/icons/apple-icon.png',
19 verbose filtered diff   'client/src/assets/icons/apple-splash-1125-2436.png',
19 verbose filtered diff   'client/src/assets/icons/apple-splash-1136-640.png',
19 verbose filtered diff   'client/src/assets/icons/apple-splash-1242-2208.png',
19 verbose filtered diff   'client/src/assets/icons/apple-splash-1242-2688.png',
19 verbose filtered diff   'client/src/assets/icons/apple-splash-1334-750.png',
19 verbose filtered diff   'client/src/assets/icons/apple-splash-1536-2048.png',
19 verbose filtered diff   'client/src/assets/icons/apple-splash-1668-2224.png',
19 verbose filtered diff   'client/src/assets/icons/apple-splash-1668-2388.png',
19 verbose filtered diff   'client/src/assets/icons/apple-splash-1792-828.png',
19 verbose filtered diff   'client/src/assets/icons/apple-splash-2048-1536.png',
19 verbose filtered diff   'client/src/assets/icons/apple-splash-2048-2732.png',
19 verbose filtered diff   'client/src/assets/icons/apple-splash-2208-1242.png',
19 verbose filtered diff   'client/src/assets/icons/apple-splash-2224-1668.png',
19 verbose filtered diff   'client/src/assets/icons/apple-splash-2388-1668.png',
19 verbose filtered diff   'client/src/assets/icons/apple-splash-2436-1125.png',
19 verbose filtered diff   'client/src/assets/icons/apple-splash-2688-1242.png',
19 verbose filtered diff   'client/src/assets/icons/apple-splash-2732-2048.png',
19 verbose filtered diff   'client/src/assets/icons/apple-splash-640-1136.png',
19 verbose filtered diff   'client/src/assets/icons/apple-splash-750-1334.png',
19 verbose filtered diff   'client/src/assets/icons/apple-splash-828-1792.png',
19 verbose filtered diff   'client/src/assets/icons/manifest-icon-192.png',
19 verbose filtered diff   'client/src/assets/icons/manifest-icon-512.png',
19 verbose filtered diff   'client/src/environments/environment.e2e.ts',
19 verbose filtered diff   'client/src/environments/environment.prod.ts',
19 verbose filtered diff   'client/src/environments/environment.ts',
19 verbose filtered diff   'client/src/index.html',
19 verbose filtered diff   'client/src/manifest.webmanifest',
19 verbose filtered diff   'client/src/stories/helpers/factories/game-overview.story-factory.ts',
19 verbose filtered diff   'client/yarn.lock' ]
20 silly checking diff e2e
21 silly found diff in e2e/src/1.login.e2e-spec.ts
21 silly found diff in e2e/src/2.add-game.e2e-spec.ts
21 silly found diff in e2e/src/3.switching-tabs.e2e-spec.ts
21 silly found diff in e2e/yarn.lock
22 verbose filtered diff [ 'e2e/src/1.login.e2e-spec.ts',
22 verbose filtered diff   'e2e/src/2.add-game.e2e-spec.ts',
22 verbose filtered diff   'e2e/src/3.switching-tabs.e2e-spec.ts',
22 verbose filtered diff   'e2e/yarn.lock' ]
23 silly checking diff server
24 silly found diff in server/package.json
24 silly found diff in server/src/modules/app/app.controller.ts
24 silly found diff in server/src/modules/auth/auth.module.ts
24 silly found diff in server/src/modules/auth/auth.service.ts
24 silly found diff in server/yarn.lock
25 verbose filtered diff [ 'server/package.json',
25 verbose filtered diff   'server/src/modules/app/app.controller.ts',
25 verbose filtered diff   'server/src/modules/auth/auth.module.ts',
25 verbose filtered diff   'server/src/modules/auth/auth.service.ts',
25 verbose filtered diff   'server/yarn.lock' ]
26 verbose updated frontend
27 verbose updated e2e
28 verbose updated server
29 verbose git-describe undefined => "v2.2.0-11-g0a2aac5"
30 silly git-describe parsed => {"lastTagName":"v2.2.0","lastVersion":"v2.2.0","refCount":"11","sha":"0a2aac5","isDirty":false}
31 info execute Skipping releases
32 silly lifecycle No script for "preversion" in "montepouli", continuing
33 silly lifecycle No script for "preversion" in "frontend", continuing
34 silly lifecycle No script for "preversion" in "e2e", continuing
35 silly lifecycle No script for "preversion" in "server", continuing
36 silly lifecycle No script for "version" in "e2e", continuing
37 silly lifecycle No script for "version" in "server", continuing
38 silly lifecycle No script for "version" in "frontend", continuing
39 silly lifecycle No script for "version" in "montepouli", continuing
40 silly gitAdd [ '/Users/rogierderuijter/Documents/Projects/Sandbox/montepouli/e2e/package.json',
40 silly gitAdd   '/Users/rogierderuijter/Documents/Projects/Sandbox/montepouli/server/package.json',
40 silly gitAdd   '/Users/rogierderuijter/Documents/Projects/Sandbox/montepouli/client/package.json',
40 silly gitAdd   '/Users/rogierderuijter/Documents/Projects/Sandbox/montepouli/lerna.json' ]
41 silly gitCommit v2.3.0
42 verbose git [ 'commit', '-m', 'v2.3.0' ]
43 silly gitTag v2.3.0
44 verbose git [ 'tag', 'v2.3.0', '-m', 'v2.3.0' ]
45 error Error: Command failed: git tag v2.3.0 -m v2.3.0
45 error fatal: tag 'v2.3.0' already exists
45 error
45 error     at makeError (/Users/rogierderuijter/Documents/Projects/Sandbox/montepouli/node_modules/execa/index.js:174:9)
45 error     at Promise.all.then.arr (/Users/rogierderuijter/Documents/Projects/Sandbox/montepouli/node_modules/execa/index.js:278:16)
